action: py27-ansible27, msg: getenv
cwd: /root/tox_test/test-role/test-role
cmd: /root/tox_test/test-role/test-role/.tox/py27-ansible27/bin/python -m pip install docker molecule ansible==2.7
DEPRECATION: Python 2.7 will reach the end of its life on January 1st, 2020. Please upgrade your Python as Python 2.7 won't be maintained after that date. A future version of pip will drop support for Python 2.7. More details about Python 2 support in pip, can be found at https://pip.pypa.io/en/latest/development/release-process/#python-2-support
Collecting docker
  Using cached https://files.pythonhosted.org/packages/cc/ca/699d4754a932787ef353a157ada74efd1ceb6d1fc0bfb7989ae1e7b33111/docker-4.1.0-py2.py3-none-any.whl
Collecting molecule
  Using cached https://files.pythonhosted.org/packages/af/be/3084cbedc051e179062cf887fd5933c1c5f1031200f62f718048f36dc604/molecule-2.22-py2.py3-none-any.whl
Processing /root/.cache/pip/wheels/4d/9b/69/922392aa2f3189d99e672afbd178887927ce5420e2cc874dcd/ansible-2.7.0-cp27-none-any.whl
Collecting six>=1.4.0
  Using cached https://files.pythonhosted.org/packages/65/eb/1f97cb97bfc2390a276969c6fae16075da282f5058082d4cb10c6c5c1dba/six-1.14.0-py2.py3-none-any.whl
Processing /root/.cache/pip/wheels/f1/ad/d7/c184cf1ef67b07f98565dc52f91ed4f9a759b7b46674b2fd76/backports.ssl_match_hostname-3.7.0.1-py2.py3-none-any.whl
Collecting websocket-client>=0.32.0
  Using cached https://files.pythonhosted.org/packages/4c/5f/f61b420143ed1c8dc69f9eaec5ff1ac36109d52c80de49d66e0c36c3dfdf/websocket_client-0.57.0-py2.py3-none-any.whl
Collecting ipaddress>=1.0.16; python_version < "3.3"
  Using cached https://files.pythonhosted.org/packages/c2/f8/49697181b1651d8347d24c095ce46c7346c37335ddc7d255833e7cde674d/ipaddress-1.0.23-py2.py3-none-any.whl
Collecting requests!=2.18.0,>=2.14.2
  Using cached https://files.pythonhosted.org/packages/51/bd/23c926cd341ea6b7dd0b2a00aba99ae0f828be89d72b2190f27c11d4b7fb/requests-2.22.0-py2.py3-none-any.whl
Processing /root/.cache/pip/wheels/9c/9b/f4/eb243fdb89676ec00588e8c54bb54360724c06e7fafe95278e/tabulate-0.8.6-cp27-none-any.whl
Collecting flake8>=3.6.0
  Using cached https://files.pythonhosted.org/packages/f8/1f/7ea40d1e4146ea55dbab41cda1376db092a75794914169aabd7e8d7a7def/flake8-3.7.9-py2.py3-none-any.whl
Processing /root/.cache/pip/wheels/e4/76/4d/a95b8dd7b452b69e8ed4f68b69e1b55e12c9c9624dd962b191/PyYAML-5.3-cp27-cp27mu-linux_x86_64.whl
Collecting tree-format>=0.1.2
  Using cached https://files.pythonhosted.org/packages/b1/e5/233f0665eba7d4fde8c841f927ceadb6a083c138bcc4762406c1945765d5/tree_format-0.1.2-py2-none-any.whl
Collecting pexpect<5,>=4.6.0
  Using cached https://files.pythonhosted.org/packages/39/7b/88dbb785881c28a102619d46423cb853b46dbccc70d3ac362d99773a78ce/pexpect-4.8.0-py2.py3-none-any.whl
Processing /root/.cache/pip/wheels/c6/34/67/197766de5319ba6f25febfe6941a56ea72e6223038a8ea1d16/click_completion-0.5.2-cp27-none-any.whl
Collecting testinfra<4,>=3.0.6
  Using cached https://files.pythonhosted.org/packages/47/24/bb7ecf7e36170b1a9d62e73152c10f86ac5b08241d0eaa2cfa6ba367a72b/testinfra-3.4.0-py2.py3-none-any.whl
Processing /root/.cache/pip/wheels/b7/a5/72/d61e674d700a5175495a85c7d9717efc60b6d781cd5264700c/anyconfig-0.9.7-cp27-none-any.whl
Collecting pathlib2; python_version < "3.2"
  Using cached https://files.pythonhosted.org/packages/e9/45/9c82d3666af4ef9f221cbb954e1d77ddbb513faf552aea6df5f37f1a4859/pathlib2-2.3.5-py2.py3-none-any.whl
Collecting paramiko<3,>=2.5.0
  Using cached https://files.pythonhosted.org/packages/06/1e/1e08baaaf6c3d3df1459fd85f0e7d2d6aa916f33958f151ee1ecc9800971/paramiko-2.7.1-py2.py3-none-any.whl
Collecting colorama>=0.3.9
  Using cached https://files.pythonhosted.org/packages/c9/dc/45cdef1b4d119eb96316b3117e6d5708a08029992b2fee2c143c7a0a5cc5/colorama-0.4.3-py2.py3-none-any.whl
Collecting yamllint<2,>=1.15.0
  Using cached https://files.pythonhosted.org/packages/0f/3e/a3d6c73d8e7aee22faba6d96f9b8e24a5db425f42851922aa99e1bef328a/yamllint-1.20.0-py2.py3-none-any.whl
Collecting ansible-lint<5,>=4.0.2
  Using cached https://files.pythonhosted.org/packages/13/26/3dbb5aee479c3e60b97ebbadeeec2eb0fa610985e3c94c3c472b02991dbf/ansible_lint-4.2.0-py2.py3-none-any.whl
Collecting cookiecutter>=1.6.0
  Using cached https://files.pythonhosted.org/packages/86/c9/7184edfb0e89abedc37211743d1420810f6b49ae4fa695dfc443c273470d/cookiecutter-1.7.0-py2.py3-none-any.whl
Collecting click>=6.7
  Using cached https://files.pythonhosted.org/packages/fa/37/45185cb5abbc30d7257104c434fe0b07e5a195a6847506c074527aa599ec/Click-7.0-py2.py3-none-any.whl
Collecting python-gilt<2,>=1.2.1
  Using cached https://files.pythonhosted.org/packages/b2/d3/07e2cc90634123ff64db647d2538f9f559be257088279474bcc8fdc7fbf7/python_gilt-1.2.1-py2-none-any.whl
Processing /root/.cache/pip/wheels/52/41/b0/bf50409fe2b1d3b79afa3eed71b54b3e30fe5b695db2c7ba2e/psutil-5.6.7-cp27-cp27mu-linux_x86_64.whl
Collecting pre-commit<2,>=1.17.0
  Using cached https://files.pythonhosted.org/packages/df/30/22425aa6680370ba06de107e82eb3fc6159f462619b941241e96dd6bd79b/pre_commit-1.21.0-py2.py3-none-any.whl
Collecting Jinja2>=2.10.1
  Using cached https://files.pythonhosted.org/packages/65/e0/eb35e762802015cab1ccee04e8a277b03f1d8e53da3ec3106882ec42558b/Jinja2-2.10.3-py2.py3-none-any.whl
Processing /root/.cache/pip/wheels/e9/38/1f/f2cc84182676f3ae7134b9b2d744f9c235b24d2ddc8f7fe465/Cerberus-1.3.2-cp27-none-any.whl
Collecting sh>=1.12.14
  Using cached https://files.pythonhosted.org/packages/4a/22/17b22ef5b049f12080f5815c41bf94de3c229217609e469001a8f80c1b3d/sh-1.12.14-py2.py3-none-any.whl
Collecting cryptography
  Using cached https://files.pythonhosted.org/packages/c8/52/ad7f2cbe3b6e9340526dc401b38bb67c06160449446e15b0bf5f947fa168/cryptography-2.8-cp27-cp27mu-manylinux2010_x86_64.whl
Requirement already satisfied: setuptools in ./.tox/py27-ansible27/lib/python2.7/site-packages (from ansible==2.7) (42.0.2)
Collecting urllib3!=1.25.0,!=1.25.1,<1.26,>=1.21.1
  Using cached https://files.pythonhosted.org/packages/e8/74/6e4f91745020f967d09332bb2b8b9b10090957334692eb88ea4afe91b77f/urllib3-1.25.8-py2.py3-none-any.whl
Collecting idna<2.9,>=2.5
  Using cached https://files.pythonhosted.org/packages/14/2c/cd551d81dbe15200be1cf41cd03869a46fe7226e7450af7a6545bfc474c9/idna-2.8-py2.py3-none-any.whl
Collecting certifi>=2017.4.17
  Using cached https://files.pythonhosted.org/packages/b9/63/df50cac98ea0d5b006c55a399c3bf1db9da7b5a24de7890bc9cfd5dd9e99/certifi-2019.11.28-py2.py3-none-any.whl
Collecting chardet<3.1.0,>=3.0.2
  Using cached https://files.pythonhosted.org/packages/bc/a9/01ffebfb562e4274b6487b4bb1ddec7ca55ec7510b22e4c51f14098443b8/chardet-3.0.4-py2.py3-none-any.whl
Collecting pycodestyle<2.6.0,>=2.5.0
  Using cached https://files.pythonhosted.org/packages/0e/0c/04a353e104d2f324f8ee5f4b32012618c1c86dd79e52a433b64fceed511b/pycodestyle-2.5.0-py2.py3-none-any.whl
Collecting enum34; python_version < "3.4"
  Using cached https://files.pythonhosted.org/packages/c5/db/e56e6b4bbac7c4a06de1c50de6fe1ef3810018ae11732a50f15f62c7d050/enum34-1.1.6-py2-none-any.whl
Collecting entrypoints<0.4.0,>=0.3.0
  Using cached https://files.pythonhosted.org/packages/ac/c6/44694103f8c221443ee6b0041f69e2740d89a25641e62fb4f2ee568f2f9c/entrypoints-0.3-py2.py3-none-any.whl
Collecting typing; python_version < "3.5"
  Using cached https://files.pythonhosted.org/packages/22/30/64ca29543375759dc589ade14a6cd36382abf2bec17d67de8481bc9814d7/typing-3.7.4.1-py2-none-any.whl
Collecting pyflakes<2.2.0,>=2.1.0
  Using cached https://files.pythonhosted.org/packages/84/f2/ed0ffb887f8138a8fe5a621b8c0bb9598bfb3989e029f6c6a85ee66628ee/pyflakes-2.1.1-py2.py3-none-any.whl
Processing /root/.cache/pip/wheels/b5/18/32/77a1030457155606ba5e3ec3a8a57132b1a04b1c4f765177b2/functools32-3.2.3.post2-cp27-none-any.whl
Collecting mccabe<0.7.0,>=0.6.0
  Using cached https://files.pythonhosted.org/packages/87/89/479dc97e18549e21354893e4ee4ef36db1d237534982482c3681ee6e7b57/mccabe-0.6.1-py2.py3-none-any.whl
Collecting configparser; python_version < "3.2"
  Using cached https://files.pythonhosted.org/packages/7a/2a/95ed0501cf5d8709490b1d3a3f9b5cf340da6c433f896bbe9ce08dbe6785/configparser-4.0.2-py2.py3-none-any.whl
Collecting ptyprocess>=0.5
  Using cached https://files.pythonhosted.org/packages/d1/29/605c2cc68a9992d18dada28206eeada56ea4bd07a239669da41674648b6f/ptyprocess-0.6.0-py2.py3-none-any.whl
Collecting shellingham
  Using cached https://files.pythonhosted.org/packages/2d/ac/e8a34d4b3d24bf554f40651b2aac549a3fc7223725bf10fbdfe2083b6372/shellingham-1.3.1-py2.py3-none-any.whl
Collecting pytest!=3.0.2
  Using cached https://files.pythonhosted.org/packages/e3/05/26e00e583640d02c6b38ac53a92d8c9fecacde0842c4f2d7c02bbbd0d57f/pytest-4.6.9-py2.py3-none-any.whl
Processing /root/.cache/pip/wheels/91/95/75/19c98a91239878abbc7c59970abd3b4e0438a7dd5b61778335/scandir-1.10.0-cp27-cp27mu-linux_x86_64.whl
Collecting pynacl>=1.0.1
  Using cached https://files.pythonhosted.org/packages/b3/25/e605574f24948a8a53b497744e93f061eb1dbe7c44b6465fc1c172d591aa/PyNaCl-1.3.0-cp27-cp27mu-manylinux1_x86_64.whl
Collecting bcrypt>=3.1.3
  Using cached https://files.pythonhosted.org/packages/ad/36/9a0227d048e98409f012570f7bef8a8c2373b9c9c5dfbf82963cbae05ede/bcrypt-3.1.7-cp27-cp27mu-manylinux1_x86_64.whl
Collecting pathspec>=0.5.3
  Using cached https://files.pythonhosted.org/packages/34/fa/c5cc4f796eb954b56fd1f6c7c315647b18b027e0736c9ae87b73bbb1f933/pathspec-0.7.0-py2.py3-none-any.whl
Collecting ruamel.yaml<1,>=0.15.34; python_version < "3.7"
  Using cached https://files.pythonhosted.org/packages/99/a8/25242fc81d0c02460e93e8cc7ec4ae60c2382c00ba0a0e1becc22e76548d/ruamel.yaml-0.16.6-py2.py3-none-any.whl
Processing /root/.cache/pip/wheels/8b/99/a0/81daf51dcd359a9377b110a8a886b3895921802d2fc1b2397e/future-0.18.2-cp27-none-any.whl
Collecting whichcraft>=0.4.0
  Using cached https://files.pythonhosted.org/packages/b5/a2/81887a0dae2e4d2adc70d9a3557fdda969f863ced51cd3c47b587d25bce5/whichcraft-0.6.1-py2.py3-none-any.whl
Collecting binaryornot>=0.2.0
  Using cached https://files.pythonhosted.org/packages/24/7e/f7b6f453e6481d1e233540262ccbfcf89adcd43606f44a028d7f5fae5eb2/binaryornot-0.4.4-py2.py3-none-any.whl
Collecting jinja2-time>=0.1.0
  Using cached https://files.pythonhosted.org/packages/6a/a1/d44fa38306ffa34a7e1af09632b158e13ec89670ce491f8a15af3ebcb4e4/jinja2_time-0.2.0-py2.py3-none-any.whl
Collecting poyo>=0.1.0
  Using cached https://files.pythonhosted.org/packages/42/50/0b0820601bde2eda403f47b9a4a1f270098ed0dd4c00c443d883164bdccc/poyo-0.5.0-py2.py3-none-any.whl
Collecting pbr
  Using cached https://files.pythonhosted.org/packages/7a/db/a968fd7beb9fe06901c1841cb25c9ccb666ca1b9a19b114d1bbedf1126fc/pbr-5.4.4-py2.py3-none-any.whl
Collecting fasteners
  Using cached https://files.pythonhosted.org/packages/18/bd/55eb2d6397b9c0e263af9d091ebdb756b15756029b3cededf6461481bc63/fasteners-0.15-py2.py3-none-any.whl
Collecting git-url-parse
  Using cached https://files.pythonhosted.org/packages/7e/fd/755d2abf15615c575c53d07a6cd65a66e4f9e0c07466e1598f7f74763af9/git_url_parse-1.2.2-py2-none-any.whl
Collecting futures; python_version < "3.2"
  Using cached https://files.pythonhosted.org/packages/d8/a6/f46ae3f1da0cd4361c344888f59ec2f5785e69c872e175a748ef6071cdb5/futures-3.3.0-py2-none-any.whl
Collecting importlib-metadata; python_version < "3.8"
  Using cached https://files.pythonhosted.org/packages/d7/31/74dcb59a601b95fce3b0334e8fc9db758f78e43075f22aeb3677dfb19f4c/importlib_metadata-1.4.0-py2.py3-none-any.whl
Collecting aspy.yaml
  Using cached https://files.pythonhosted.org/packages/99/ce/78be097b00817ccf02deaf481eb7a603eecee6fa216e82fa7848cd265449/aspy.yaml-1.3.0-py2.py3-none-any.whl
Collecting cfgv>=2.0.0
  Using cached https://files.pythonhosted.org/packages/6e/ff/2e6bcaff26058200717c469a0910da96c89bb00e9cc31b68aa0bfc9b1b0d/cfgv-2.0.1-py2.py3-none-any.whl
Collecting virtualenv>=15.2
  Using cached https://files.pythonhosted.org/packages/05/f1/2e07e8ca50e047b9cc9ad56cf4291f4e041fa73207d000a095fe478abf84/virtualenv-16.7.9-py2.py3-none-any.whl
Collecting toml
  Using cached https://files.pythonhosted.org/packages/a2/12/ced7105d2de62fa7c8fb5fce92cc4ce66b57c95fb875e9318dba7f8c5db0/toml-0.10.0-py2.py3-none-any.whl
Collecting importlib-resources; python_version < "3.7"
  Using cached https://files.pythonhosted.org/packages/2f/f7/b4aa02cdd3ee7ebba375969d77c00826aa15c5db84247d23c89522dccbfa/importlib_resources-1.0.2-py2.py3-none-any.whl
Collecting identify>=1.0.0
  Using cached https://files.pythonhosted.org/packages/73/08/ebd9cd04a6741b2cdf9a634170070d16085a38c2041e11a9b634c1cef623/identify-1.4.11-py2.py3-none-any.whl
Collecting nodeenv>=0.11.1
  Using cached https://files.pythonhosted.org/packages/18/04/2683fe139a9be4d5df02e696f2ed0318ded368feb9e9bbe581611c47e337/nodeenv-1.3.4-py2.py3-none-any.whl
Collecting MarkupSafe>=0.23
  Using cached https://files.pythonhosted.org/packages/fb/40/f3adb7cf24a8012813c5edb20329eb22d5d8e2a0ecf73d21d6b85865da11/MarkupSafe-1.1.1-cp27-cp27mu-manylinux1_x86_64.whl
Collecting cffi!=1.11.3,>=1.8
  Using cached https://files.pythonhosted.org/packages/93/5d/c4f950891251e478929036ca07b22f0b10324460c1d0a4434c584481db51/cffi-1.13.2-cp27-cp27mu-manylinux1_x86_64.whl
Collecting attrs>=17.4.0
  Using cached https://files.pythonhosted.org/packages/a2/db/4313ab3be961f7a763066401fb77f7748373b6094076ae2bda2806988af6/attrs-19.3.0-py2.py3-none-any.whl
Collecting wcwidth
  Using cached https://files.pythonhosted.org/packages/58/b4/4850a0ccc6f567cc0ebe7060d20ffd4258b8210efadc259da62dc6ed9c65/wcwidth-0.1.8-py2.py3-none-any.whl
Collecting funcsigs>=1.0; python_version < "3.0"
  Using cached https://files.pythonhosted.org/packages/69/cb/f5be453359271714c01b9bd06126eaf2e368f1fddfff30818754b5ac2328/funcsigs-1.0.2-py2.py3-none-any.whl
Collecting pluggy<1.0,>=0.12
  Using cached https://files.pythonhosted.org/packages/a0/28/85c7aa31b80d150b772fbe4a229487bc6644da9ccb7e427dd8cc60cb8a62/pluggy-0.13.1-py2.py3-none-any.whl
Collecting atomicwrites>=1.0
  Using cached https://files.pythonhosted.org/packages/52/90/6155aa926f43f2b2a22b01be7241be3bfd1ceaf7d0b3267213e8127d41f4/atomicwrites-1.3.0-py2.py3-none-any.whl
Collecting more-itertools<6.0.0,>=4.0.0; python_version <= "2.7"
  Using cached https://files.pythonhosted.org/packages/2f/9d/dcfe59e213093695f108508af1214cf9cd95cc5489e46877ec5cb56369e5/more_itertools-5.0.0-py2-none-any.whl
Collecting packaging
  Using cached https://files.pythonhosted.org/packages/98/42/87c585dd3b113c775e65fd6b8d9d0a43abe1819c471d7af702d4e01e9b20/packaging-20.1-py2.py3-none-any.whl
Collecting py>=1.5.0
  Using cached https://files.pythonhosted.org/packages/99/8d/21e1767c009211a62a8e3067280bfce76e89c9f876180308515942304d2d/py-1.8.1-py2.py3-none-any.whl
Collecting ruamel.ordereddict; platform_python_implementation == "CPython" and python_version <= "2.7"
  Using cached https://files.pythonhosted.org/packages/8c/d6/4971e55c60b972160b911368fa4cd756d68739b6616b0cb57d09d8a6ee18/ruamel.ordereddict-0.4.14-cp27-cp27mu-manylinux1_x86_64.whl
Collecting ruamel.yaml.clib>=0.1.2; platform_python_implementation == "CPython" and python_version < "3.8"
  Using cached https://files.pythonhosted.org/packages/c2/90/d919a3c81e308fe9665c1bab6b73ada9d183eed0a5dcf9c7b47419a54628/ruamel.yaml.clib-0.2.0-cp27-cp27mu-manylinux1_x86_64.whl
Collecting arrow
  Using cached https://files.pythonhosted.org/packages/92/fa/f84896dede5decf284e6922134bf03fd26c90870bbf8015f4e8ee2a07bcc/arrow-0.15.5-py2.py3-none-any.whl
Collecting monotonic>=0.1
  Using cached https://files.pythonhosted.org/packages/ac/aa/063eca6a416f397bd99552c534c6d11d57f58f2e94c14780f3bbf818c4cf/monotonic-1.5-py2.py3-none-any.whl
Collecting zipp>=0.5
  Using cached https://files.pythonhosted.org/packages/21/21/ff0bfa221d5f5c5dc495977219c4de8f44ba8203f6724fb648113f9902cb/zipp-1.1.0-py2.py3-none-any.whl
Collecting contextlib2; python_version < "3"
  Using cached https://files.pythonhosted.org/packages/85/60/370352f7ef6aa96c52fb001831622f50f923c1d575427d021b8ab3311236/contextlib2-0.6.0.post1-py2.py3-none-any.whl
Processing /root/.cache/pip/wheels/f2/9a/90/de94f8556265ddc9d9c8b271b0f63e57b26fb1d67a45564511/pycparser-2.19-py2.py3-none-any.whl
Collecting pyparsing>=2.0.2
  Using cached https://files.pythonhosted.org/packages/5d/bc/1e58593167fade7b544bfe9502a26dc860940a79ab306e651e7f13be68c2/pyparsing-2.4.6-py2.py3-none-any.whl
Collecting backports.functools-lru-cache>=1.2.1; python_version == "2.7"
  Using cached https://files.pythonhosted.org/packages/da/d1/080d2bb13773803648281a49e3918f65b31b7beebf009887a529357fd44a/backports.functools_lru_cache-1.6.1-py2.py3-none-any.whl
Collecting python-dateutil
  Using cached https://files.pythonhosted.org/packages/d4/70/d60450c3dd48ef87586924207ae8907090de0b306af2bce5d134d78615cb/python_dateutil-2.8.1-py2.py3-none-any.whl
Installing collected packages: six, backports.ssl-match-hostname, websocket-client, ipaddress, urllib3, idna, certifi, chardet, requests, docker, tabulate, pycodestyle, enum34, configparser, entrypoints, typing, pyflakes, functools32, mccabe, flake8, PyYAML, tree-format, ptyprocess, pexpect, click, shellingham, MarkupSafe, Jinja2, click-completion, contextlib2, zipp, scandir, pathlib2, importlib-metadata, attrs, wcwidth, funcsigs, pluggy, atomicwrites, more-itertools, pyparsing, packaging, py, pytest, testinfra, anyconfig, pycparser, cffi, pynacl, cryptography, bcrypt, paramiko, colorama, ansible, pathspec, yamllint, ruamel.ordereddict, ruamel.yaml.clib, ruamel.yaml, ansible-lint, future, whichcraft, binaryornot, backports.functools-lru-cache, python-dateutil, arrow, jinja2-time, poyo, cookiecutter, sh, pbr, monotonic, fasteners, git-url-parse, python-gilt, psutil, futures, aspy.yaml, cfgv, virtualenv, toml, importlib-resources, identify, nodeenv, pre-commit, cerberus, molecule
Successfully installed Jinja2-2.10.3 MarkupSafe-1.1.1 PyYAML-5.3 ansible-2.7.0 ansible-lint-4.2.0 anyconfig-0.9.7 arrow-0.15.5 aspy.yaml-1.3.0 atomicwrites-1.3.0 attrs-19.3.0 backports.functools-lru-cache-1.6.1 backports.ssl-match-hostname-3.7.0.1 bcrypt-3.1.7 binaryornot-0.4.4 cerberus-1.3.2 certifi-2019.11.28 cffi-1.13.2 cfgv-2.0.1 chardet-3.0.4 click-7.0 click-completion-0.5.2 colorama-0.4.3 configparser-4.0.2 contextlib2-0.6.0.post1 cookiecutter-1.7.0 cryptography-2.8 docker-4.1.0 entrypoints-0.3 enum34-1.1.6 fasteners-0.15 flake8-3.7.9 funcsigs-1.0.2 functools32-3.2.3.post2 future-0.18.2 futures-3.3.0 git-url-parse-1.2.2 identify-1.4.11 idna-2.8 importlib-metadata-1.4.0 importlib-resources-1.0.2 ipaddress-1.0.23 jinja2-time-0.2.0 mccabe-0.6.1 molecule-2.22 monotonic-1.5 more-itertools-5.0.0 nodeenv-1.3.4 packaging-20.1 paramiko-2.7.1 pathlib2-2.3.5 pathspec-0.7.0 pbr-5.4.4 pexpect-4.8.0 pluggy-0.13.1 poyo-0.5.0 pre-commit-1.21.0 psutil-5.6.7 ptyprocess-0.6.0 py-1.8.1 pycodestyle-2.5.0 pycparser-2.19 pyflakes-2.1.1 pynacl-1.3.0 pyparsing-2.4.6 pytest-4.6.9 python-dateutil-2.8.1 python-gilt-1.2.1 requests-2.22.0 ruamel.ordereddict-0.4.14 ruamel.yaml-0.16.6 ruamel.yaml.clib-0.2.0 scandir-1.10.0 sh-1.12.14 shellingham-1.3.1 six-1.14.0 tabulate-0.8.6 testinfra-3.4.0 toml-0.10.0 tree-format-0.1.2 typing-3.7.4.1 urllib3-1.25.8 virtualenv-16.7.9 wcwidth-0.1.8 websocket-client-0.57.0 whichcraft-0.6.1 yamllint-1.20.0 zipp-1.1.0
WARNING: You are using pip version 19.3.1; however, version 20.0.2 is available.
You should consider upgrading via the 'pip install --upgrade pip' command.
